Thu Mar  7 07:30:33 UTC 2024 get-and-add.groovy
Vertex 0 has 1 out neighbors in 19902691 ns
Edge added between 1 and 2 in 42705807 ns
Vertex 3 has 1 out neighbors in 1451249 ns
Edge added between 4 and 5 in 179152 ns
Vertex 6 has 1 out neighbors in 349444 ns
Edge added between 7 and 8 in 121583 ns
Vertex 9 has 1 out neighbors in 292983 ns
Edge added between 10 and 11 in 111597 ns
Vertex 12 has 1 out neighbors in 424880 ns
Edge added between 13 and 14 in 135715 ns
Vertex 15 has 1 out neighbors in 317824 ns
Edge added between 16 and 17 in 150505 ns
Vertex 18 has 1 out neighbors in 317586 ns
Edge added between 19 and 20 in 304527 ns
Vertex 21 has 1 out neighbors in 323553 ns
Edge added between 22 and 23 in 118193 ns
Vertex 24 has 1 out neighbors in 295735 ns
Edge added between 25 and 26 in 167197 ns
Vertex 27 has 1 out neighbors in 290646 ns
Edge added between 28 and 29 in 123962 ns
Vertex 30 has 1 out neighbors in 626640 ns
Edge added between 31 and 32 in 123425 ns
Vertex 33 has 1 out neighbors in 291989 ns
Edge added between 34 and 35 in 113811 ns
Vertex 36 has 0 out neighbors in 279753 ns
Edge added between 37 and 38 in 130463 ns
Vertex 39 has 1 out neighbors in 297634 ns
Edge added between 40 and 41 in 119463 ns
Vertex 42 has 1 out neighbors in 283609 ns
Edge added between 43 and 44 in 135929 ns
Vertex 45 has 0 out neighbors in 590442 ns
Edge added between 46 and 47 in 348270 ns
Vertex 48 has 1 out neighbors in 310119 ns
Edge added between 49 and 50 in 242390 ns
Vertex 51 has 0 out neighbors in 272818 ns
Edge added between 52 and 53 in 103105 ns
Vertex 54 has 0 out neighbors in 263502 ns
Edge added between 55 and 56 in 104396 ns
Vertex 57 has 1 out neighbors in 286122 ns
Edge added between 58 and 59 in 102956 ns
Vertex 60 has 0 out neighbors in 809925 ns
Edge added between 61 and 62 in 125807 ns
Vertex 63 has 1 out neighbors in 304020 ns
Edge added between 64 and 65 in 105075 ns
Vertex 66 has 1 out neighbors in 277693 ns
Edge added between 67 and 68 in 102437 ns
Vertex 69 has 1 out neighbors in 243584 ns
Edge added between 70 and 71 in 100174 ns
Vertex 72 has 0 out neighbors in 259691 ns
Edge added between 73 and 74 in 115208 ns
Vertex 75 has 1 out neighbors in 269029 ns
Edge added between 76 and 77 in 115990 ns
Vertex 78 has 1 out neighbors in 250235 ns
Edge added between 79 and 80 in 107354 ns
Vertex 81 has 1 out neighbors in 243618 ns
Edge added between 82 and 83 in 101226 ns
Vertex 84 has 0 out neighbors in 249532 ns
Edge added between 85 and 86 in 114548 ns
Vertex 87 has 0 out neighbors in 271840 ns
Edge added between 88 and 89 in 98944 ns
Vertex 90 has 1 out neighbors in 455635 ns
Edge added between 91 and 92 in 110034 ns
Vertex 93 has 1 out neighbors in 589075 ns
Edge added between 94 and 95 in 106208 ns
Vertex 96 has 0 out neighbors in 242087 ns
Edge added between 97 and 98 in 197185 ns
Vertex 99 has 1 out neighbors in 279562 ns
Edge added between 100 and 101 in 98032 ns
Vertex 102 has 1 out neighbors in 256614 ns
Edge added between 103 and 104 in 131552 ns
Vertex 105 has 0 out neighbors in 226390 ns
Edge added between 106 and 107 in 99395 ns
Vertex 108 has 1 out neighbors in 549731 ns
Edge added between 109 and 110 in 109674 ns
Vertex 111 has 1 out neighbors in 405015 ns
Edge added between 112 and 113 in 90427 ns
Vertex 114 has 1 out neighbors in 258890 ns
Edge added between 115 and 116 in 99010 ns
Vertex 117 has 1 out neighbors in 223002 ns
Edge added between 118 and 119 in 92347 ns
Vertex 120 has 0 out neighbors in 186536 ns
Edge added between 121 and 122 in 90645 ns
Vertex 123 has 1 out neighbors in 283018 ns
Edge added between 124 and 125 in 94016 ns
Vertex 126 has 0 out neighbors in 344100 ns
Edge added between 127 and 128 in 210252 ns
Vertex 129 has 1 out neighbors in 263416 ns
Edge added between 130 and 131 in 344247 ns
Vertex 132 has 1 out neighbors in 845514 ns
Edge added between 133 and 134 in 318852 ns
Vertex 135 has 0 out neighbors in 593701 ns
Edge added between 136 and 137 in 283615 ns
Vertex 138 has 1 out neighbors in 586390 ns
Edge added between 139 and 140 in 247681 ns
Vertex 141 has 1 out neighbors in 584389 ns
Edge added between 142 and 143 in 246408 ns
Vertex 144 has 0 out neighbors in 533328 ns
Edge added between 145 and 146 in 261003 ns
Vertex 147 has 1 out neighbors in 552062 ns
Edge added between 148 and 149 in 238790 ns
final edge size: 314803
gremlin-neo4j-tp3,/runtime/data/freebase_small.json2,get-and-add.groovy,0,0,0,0