Thu Mar  7 08:59:44 UTC 2024 get-and-add.groovy
Vertex v[1024] has 2 out neighbors in 37531545 ns
Edge added between v[1025] and v[1026] in 989462 ns
Vertex v[1027] has 2 out neighbors in 16060091 ns
Edge added between v[1028] and v[1029] in 61587 ns
Vertex v[1030] has 2 out neighbors in 14141601 ns
Edge added between v[1031] and v[1032] in 40824 ns
Vertex v[1033] has 2 out neighbors in 12335250 ns
Edge added between v[1034] and v[1035] in 36899 ns
Vertex v[1036] has 2 out neighbors in 12551149 ns
Edge added between v[1037] and v[1038] in 41301 ns
Vertex v[1039] has 2 out neighbors in 12684378 ns
Edge added between v[1040] and v[1041] in 37228 ns
Vertex v[1042] has 2 out neighbors in 9667271 ns
Edge added between v[1043] and v[1044] in 35344 ns
Vertex v[1045] has 2 out neighbors in 7724301 ns
Edge added between v[1046] and v[1047] in 34249 ns
Vertex v[1048] has 2 out neighbors in 5901756 ns
Edge added between v[1049] and v[1050] in 34419 ns
Vertex v[1051] has 2 out neighbors in 5380458 ns
Edge added between v[1052] and v[1053] in 34798 ns
Vertex v[1054] has 2 out neighbors in 5066349 ns
Edge added between v[1055] and v[1056] in 29812 ns
Vertex v[1057] has 2 out neighbors in 4976028 ns
Edge added between v[1058] and v[1059] in 30926 ns
Vertex v[1060] has 1 out neighbors in 4320687 ns
Edge added between v[1061] and v[1062] in 25701 ns
Vertex v[1063] has 2 out neighbors in 4243328 ns
Edge added between v[1064] and v[1065] in 26712 ns
Vertex v[1066] has 2 out neighbors in 4692830 ns
Edge added between v[1067] and v[1068] in 26745 ns
Vertex v[1069] has 1 out neighbors in 5711117 ns
Edge added between v[1070] and v[1071] in 26022 ns
Vertex v[1072] has 2 out neighbors in 4297998 ns
Edge added between v[1073] and v[1074] in 23985 ns
Vertex v[1075] has 1 out neighbors in 4187389 ns
Edge added between v[1076] and v[1077] in 23125 ns
Vertex v[1078] has 1 out neighbors in 4085192 ns
Edge added between v[1079] and v[1080] in 22429 ns
Vertex v[1081] has 2 out neighbors in 4108717 ns
Edge added between v[1082] and v[1083] in 22565 ns
Vertex v[1084] has 1 out neighbors in 4057637 ns
Edge added between v[1085] and v[1086] in 22599 ns
Vertex v[1087] has 2 out neighbors in 4119147 ns
Edge added between v[1088] and v[1089] in 25737 ns
Vertex v[1090] has 2 out neighbors in 4096576 ns
Edge added between v[1091] and v[1092] in 22562 ns
Vertex v[1093] has 2 out neighbors in 4120547 ns
Edge added between v[1094] and v[1095] in 22831 ns
Vertex v[1096] has 1 out neighbors in 4105188 ns
Edge added between v[1097] and v[1098] in 22054 ns
Vertex v[1099] has 2 out neighbors in 4121909 ns
Edge added between v[1100] and v[1101] in 22382 ns
Vertex v[1102] has 2 out neighbors in 4238290 ns
Edge added between v[1103] and v[1104] in 22340 ns
Vertex v[1105] has 2 out neighbors in 4107995 ns
Edge added between v[1106] and v[1107] in 23402 ns
Vertex v[1108] has 1 out neighbors in 4080379 ns
Edge added between v[1109] and v[1110] in 23560 ns
Vertex v[1111] has 1 out neighbors in 4038116 ns
Edge added between v[1112] and v[1113] in 22703 ns
Vertex v[1114] has 2 out neighbors in 4128030 ns
Edge added between v[1115] and v[1116] in 25806 ns
Vertex v[1117] has 2 out neighbors in 4154136 ns
Edge added between v[1118] and v[1119] in 23531 ns
Vertex v[1120] has 1 out neighbors in 4150469 ns
Edge added between v[1121] and v[1122] in 25183 ns
Vertex v[1123] has 2 out neighbors in 4597111 ns
Edge added between v[1124] and v[1125] in 23852 ns
Vertex v[1126] has 2 out neighbors in 4151667 ns
Edge added between v[1127] and v[1128] in 22796 ns
Vertex v[1129] has 1 out neighbors in 4072109 ns
Edge added between v[1130] and v[1131] in 22914 ns
Vertex v[1132] has 2 out neighbors in 4115997 ns
Edge added between v[1133] and v[1134] in 24353 ns
Vertex v[1135] has 2 out neighbors in 5652698 ns
Edge added between v[1136] and v[1137] in 39520 ns
Vertex v[1138] has 2 out neighbors in 8296204 ns
Edge added between v[1139] and v[1140] in 44222 ns
Vertex v[1141] has 2 out neighbors in 7246253 ns
Edge added between v[1142] and v[1143] in 43779 ns
Vertex v[1144] has 1 out neighbors in 6617543 ns
Edge added between v[1145] and v[1146] in 42727 ns
Vertex v[1147] has 2 out neighbors in 6248939 ns
Edge added between v[1148] and v[1149] in 32449 ns
Vertex v[1150] has 1 out neighbors in 4687723 ns
Edge added between v[1151] and v[1152] in 28509 ns
Vertex v[1153] has 2 out neighbors in 4638494 ns
Edge added between v[1154] and v[1155] in 26929 ns
Vertex v[1156] has 2 out neighbors in 4561087 ns
Edge added between v[1157] and v[1158] in 25873 ns
Vertex v[1159] has 1 out neighbors in 362734261 ns
Edge added between v[1160] and v[1161] in 45294 ns
Vertex v[1162] has 2 out neighbors in 6055641 ns
Edge added between v[1163] and v[1164] in 37180 ns
Vertex v[1165] has 2 out neighbors in 5453916 ns
Edge added between v[1166] and v[1167] in 29998 ns
Vertex v[1168] has 1 out neighbors in 5043907 ns
Edge added between v[1169] and v[1170] in 28118 ns
Vertex v[1171] has 2 out neighbors in 5266024 ns
Edge added between v[1172] and v[1173] in 27982 ns
final edge size: 314803
gremlin-sparksee,/runtime/data/freebase_small.json2,get-and-add.groovy,0,0,0,0
